EDA Netlist Writer report for IcePack
Sun Oct 15 18:53:55 2023
Quartus II 64-Bit Version 13.0.1 Build 232 06/12/2013 Service Pack 1 SJ Web Edition


---------------------
; Table of Contents ;
---------------------
  1. Legal Notice
  2. EDA Netlist Writer Summary
  3. Board-Level Settings
  4. Board-Level Generated Files
  5. EDA Netlist Writer Messages



----------------
; Legal Notice ;
----------------
Copyright (C) 1991-2013 Altera Corporation
Your use of Altera Corporation's design tools, logic functions 
and other software and tools, and its AMPP partner logic 
functions, and any output files from any of the foregoing 
(including device programming or simulation files), and any 
associated documentation or information are expressly subject 
to the terms and conditions of the Altera Program License 
Subscription Agreement, Altera MegaCore Function License 
Agreement, or other applicable license agreement, including, 
without limitation, that your use is for the sole purpose of 
programming logic devices manufactured by Altera and sold by 
Altera or its authorized distributors.  Please refer to the 
applicable agreement for further details.



+-------------------------------------------------------------------------------+
; EDA Netlist Writer Summary                                                    ;
+---------------------------------------+---------------------------------------+
; EDA Netlist Writer Status             ; Successful - Sun Oct 15 18:53:55 2023 ;
; Revision Name                         ; IcePack                               ;
; Top-level Entity Name                 ; IcePackTLDF                           ;
; Family                                ; Cyclone II                            ;
; Board Signal Integrity Files Creation ; Successful                            ;
; Board Timing Analysis Files Creation  ; Successful                            ;
+---------------------------------------+---------------------------------------+


+-----------------------------------------+
; Board-Level Settings                    ;
+-------------------------------+---------+
; Option                        ; Setting ;
+-------------------------------+---------+
; Board Signal Integrity Format ; IBIS    ;
; Board Timing Analysis Format  ; STAMP   ;
+-------------------------------+---------+


+--------------------------------------------------------------------------------------------------------------------------------------------+
; Board-Level Generated Files                                                                                                                ;
+--------------------------------------------------------------------------------------------------------------------------------------------+
; Generated Files                                                                                                                            ;
+--------------------------------------------------------------------------------------------------------------------------------------------+
; Board Signal Integrity                                                                                                                     ;
;     C:/Users/Alastair/Downloads/Alteraduino/board/ibis/IcePack.ibs                                                                         ;
; Board Timing Analysis                                                                                                                      ;
;     C:/Users/Alastair/Downloads/Alteraduino/timing/stamp/C:/Users/Alastair/Downloads/Alteraduino/timing/stamp//IcePack_8_board_slow.mod    ;
;     C:/Users/Alastair/Downloads/Alteraduino/timing/stamp/C:/Users/Alastair/Downloads/Alteraduino/timing/stamp//IcePack_8_board_slow.data   ;
;     C:/Users/Alastair/Downloads/Alteraduino/timing/stamp/C:/Users/Alastair/Downloads/Alteraduino/timing/stamp//IcePack_min_board_fast.mod  ;
;     C:/Users/Alastair/Downloads/Alteraduino/timing/stamp/C:/Users/Alastair/Downloads/Alteraduino/timing/stamp//IcePack_min_board_fast.data ;
;     C:/Users/Alastair/Downloads/Alteraduino/timing/stamp/C:/Users/Alastair/Downloads/Alteraduino/timing/stamp//IcePack_board.mod           ;
;     C:/Users/Alastair/Downloads/Alteraduino/timing/stamp/C:/Users/Alastair/Downloads/Alteraduino/timing/stamp//IcePack_board.data          ;
+--------------------------------------------------------------------------------------------------------------------------------------------+


+-----------------------------+
; EDA Netlist Writer Messages ;
+-----------------------------+
Info: *******************************************************************
Info: Running Quartus II 64-Bit EDA Netlist Writer
    Info: Version 13.0.1 Build 232 06/12/2013 Service Pack 1 SJ Web Edition
    Info: Processing started: Sun Oct 15 18:53:54 2023
Info: Command: quartus_eda --read_settings_files=off --write_settings_files=off IcePack -c IcePack
Info (199047): Generated files "C:/Users/Alastair/Downloads/Alteraduino/timing/stamp//IcePack_8_board_slow.mod" and "C:/Users/Alastair/Downloads/Alteraduino/timing/stamp//IcePack_8_board_slow.data"
Info (199047): Generated files "C:/Users/Alastair/Downloads/Alteraduino/timing/stamp//IcePack_min_board_fast.mod" and "C:/Users/Alastair/Downloads/Alteraduino/timing/stamp//IcePack_min_board_fast.data"
Info (199047): Generated files "C:/Users/Alastair/Downloads/Alteraduino/timing/stamp//IcePack_board.mod" and "C:/Users/Alastair/Downloads/Alteraduino/timing/stamp//IcePack_board.data"
Info (197003): Model for 2 configuration pin(s) is not included in the IBIS output file
    Info (197004): Pin "~ASDO~" has no supported IBIS model
    Info (197004): Pin "~nCSO~" has no supported IBIS model
Info (199050): Generated IBIS Output File C:/Users/Alastair/Downloads/Alteraduino/board/ibis/IcePack.ibs for board level analysis
Warning (199064): Device family does not support board-level Boundary-Scan Description Language file generation
Info: Quartus II 64-Bit EDA Netlist Writer was successful. 0 errors, 1 warning
    Info: Peak virtual memory: 4513 megabytes
    Info: Processing ended: Sun Oct 15 18:53:57 2023
    Info: Elapsed time: 00:00:03
    Info: Total CPU time (on all processors): 00:00:01


